#
# There is insufficient memory for the Java Runtime Environment to continue.
# Native memory allocation (mmap) failed to map 184549376 bytes for G1 virtual space
# Possible reasons:
#   The system is out of physical RAM or swap space
#   The process is running with CompressedOops enabled, and the Java Heap may be blocking the growth of the native heap
# Possible solutions:
#   Reduce memory load on the system
#   Increase physical memory or swap space
#   Check if swap backing store is full
#   Decrease Java heap size (-Xmx/-Xms)
#   Decrease number of Java threads
#   Decrease Java thread stack sizes (-Xss)
#   Set larger code cache with -XX:ReservedCodeCacheSize=
#   JVM is running with Zero Based Compressed Oops mode in which the Java heap is
#     placed in the first 32GB address space. The Java Heap base address is the
#     maximum limit for the native heap growth. Please use -XX:HeapBaseMinAddress
#     to set the Java Heap base and to place the Java Heap above 32GB virtual address.
# This output file may be truncated or incomplete.
#
#  Out of Memory Error (os_windows.cpp:3550), pid=28900, tid=2592
#
# JRE version:  (17.0.8+9) (build )
# Java VM: Java HotSpot(TM) 64-Bit Server VM (17.0.8+9-LTS-211, mixed mode, sharing, tiered, compressed oops, compressed class ptrs, g1 gc, windows-amd64)
# No core dump will be written. Minidumps are not enabled by default on client versions of Windows
#

---------------  S U M M A R Y ------------

Command Line: 

Host: AMD Ryzen 5 2500U with Radeon Vega Mobile Gfx  , 8 cores, 10G,  Windows 10 , 64 bit Build 19041 (10.0.19041.2913)
Time: Tue Sep 26 15:01:05 2023 SE Asia Standard Time elapsed time: 9.599560 seconds (0d 0h 0m 9s)

---------------  T H R E A D  ---------------

Current thread (0x000001e3ae460d20):  JavaThread "Unknown thread" [_thread_in_vm, id=2592, stack(0x000000b1b1300000,0x000000b1b1400000)]

Stack: [0x000000b1b1300000,0x000000b1b1400000]
Native frames: (J=compiled Java code, j=interpreted, Vv=VM code, C=native code)
V  [jvm.dll+0x677d0a]
V  [jvm.dll+0x7d8c54]
V  [jvm.dll+0x7da3fe]
V  [jvm.dll+0x7daa63]
V  [jvm.dll+0x245c5f]
V  [jvm.dll+0x674bb9]
V  [jvm.dll+0x6694f2]
V  [jvm.dll+0x3031d6]
V  [jvm.dll+0x30a756]
V  [jvm.dll+0x359f9e]
V  [jvm.dll+0x35a1cf]
V  [jvm.dll+0x2da3e8]
V  [jvm.dll+0x2db354]
V  [jvm.dll+0x7aa711]
V  [jvm.dll+0x367b51]
V  [jvm.dll+0x789979]
V  [jvm.dll+0x3eb05f]
V  [jvm.dll+0x3ecae1]
C  [jli.dll+0x5297]
C  [ucrtbase.dll+0x21bb2]
C  [KERNEL32.DLL+0x17614]
C  [ntdll.dll+0x526a1]


---------------  P R O C E S S  ---------------

Threads class SMR info:
_java_thread_list=0x00007ffeed4759d8, length=0, elements={
}

Java Threads: ( => current thread )

Other Threads:
  0x000001e3ae4b4e30 GCTaskThread "GC Thread#0" [stack: 0x000000b1b1400000,0x000000b1b1500000] [id=31188]
  0x000001e3ae4c13d0 ConcurrentGCThread "G1 Main Marker" [stack: 0x000000b1b1500000,0x000000b1b1600000] [id=31200]
  0x000001e3ae4c1cf0 ConcurrentGCThread "G1 Conc#0" [stack: 0x000000b1b1600000,0x000000b1b1700000] [id=31204]

[error occurred during error reporting (printing all threads), id 0xc0000005, EXCEPTION_ACCESS_VIOLATION (0xc0000005) at pc=0x00007ffeeccab047]

VM state: not at safepoint (not fully initialized)

VM Mutex/Monitor currently owned by a thread:  ([mutex/lock_event])
[0x000001e3ae45ab60] Heap_lock - owner thread: 0x000001e3ae460d20

Heap address: 0x0000000750c00000, size: 2804 MB, Compressed Oops mode: Zero based, Oop shift amount: 3

CDS archive(s) mapped at: [0x0000000000000000-0x0000000000000000-0x0000000000000000), size 0, SharedBaseAddress: 0x0000000800000000, ArchiveRelocationMode: 1.
Narrow klass base: 0x0000000000000000, Narrow klass shift: 0, Narrow klass range: 0x0

GC Precious Log:
<Empty>

Heap:
 garbage-first heap   total 0K, used 0K [0x0000000750c00000, 0x0000000800000000)
  region size 2048K, 0 young (0K), 0 survivors (0K)

[error occurred during error reporting (printing heap information), id 0xc0000005, EXCEPTION_ACCESS_VIOLATION (0xc0000005) at pc=0x00007ffeed091499]

GC Heap History (0 events):
No events

Deoptimization events (0 events):
No events

Classes unloaded (0 events):
No events

Classes redefined (0 events):
No events

Internal exceptions (0 events):
No events

VM Operations (0 events):
No events

Events (1 events):
Event: 0.755 Loaded shared library C:\Program Files\Java\jdk-17\bin\java.dll


Dynamic libraries:
0x00007ff6a0c60000 - 0x00007ff6a0c70000 	C:\Program Files\Java\jdk-17\bin\java.exe
0x00007fffa1fd0000 - 0x00007fffa21c8000 	C:\WINDOWS\SYSTEM32\ntdll.dll
0x00007fffa12c0000 - 0x00007fffa137f000 	C:\WINDOWS\System32\KERNEL32.DLL
0x00007fff9f990000 - 0x00007fff9fc86000 	C:\WINDOWS\System32\KERNELBASE.dll
0x00007fff9fda0000 - 0x00007fff9fea0000 	C:\WINDOWS\System32\ucrtbase.dll
0x00007fff97f00000 - 0x00007fff97f19000 	C:\Program Files\Java\jdk-17\bin\jli.dll
0x00007fffa0d30000 - 0x00007fffa0ddf000 	C:\WINDOWS\System32\ADVAPI32.dll
0x00007fff98660000 - 0x00007fff9867b000 	C:\Program Files\Java\jdk-17\bin\VCRUNTIME140.dll
0x00007fffa0ea0000 - 0x00007fffa0f3e000 	C:\WINDOWS\System32\msvcrt.dll
0x00007fffa0fa0000 - 0x00007fffa103c000 	C:\WINDOWS\System32\sechost.dll
0x00007fffa0030000 - 0x00007fffa0156000 	C:\WINDOWS\System32\RPCRT4.dll
0x00007fffa1450000 - 0x00007fffa15ed000 	C:\WINDOWS\System32\USER32.dll
0x00007fff8e8b0000 - 0x00007fff8eb4a000 	C:\WINDOWS\WinSxS\amd64_microsoft.windows.common-controls_6595b64144ccf1df_6.0.19041.1110_none_60b5254171f9507e\COMCTL32.dll
0x00007fffa1a00000 - 0x00007fffa1a2c000 	C:\WINDOWS\System32\GDI32.dll
0x00007fff9f960000 - 0x00007fff9f982000 	C:\WINDOWS\System32\win32u.dll
0x00007fff9ff10000 - 0x00007fffa0025000 	C:\WINDOWS\System32\gdi32full.dll
0x00007fff9f8c0000 - 0x00007fff9f95d000 	C:\WINDOWS\System32\msvcp_win.dll
0x00007fff97030000 - 0x00007fff9703a000 	C:\WINDOWS\SYSTEM32\VERSION.dll
0x00007fffa0de0000 - 0x00007fffa0e10000 	C:\WINDOWS\System32\IMM32.DLL
0x00007fff9b750000 - 0x00007fff9b75c000 	C:\Program Files\Java\jdk-17\bin\vcruntime140_1.dll
0x00007fff79ff0000 - 0x00007fff7a07e000 	C:\Program Files\Java\jdk-17\bin\msvcp140.dll
0x00007ffeec9c0000 - 0x00007ffeed59e000 	C:\Program Files\Java\jdk-17\bin\server\jvm.dll
0x00007fffa15f0000 - 0x00007fffa15f8000 	C:\WINDOWS\System32\PSAPI.DLL
0x00007fff9b940000 - 0x00007fff9b949000 	C:\WINDOWS\SYSTEM32\WSOCK32.dll
0x00007fffa1860000 - 0x00007fffa18cb000 	C:\WINDOWS\System32\WS2_32.dll
0x00007fff95080000 - 0x00007fff950a7000 	C:\WINDOWS\SYSTEM32\WINMM.dll
0x00007fff9df00000 - 0x00007fff9df12000 	C:\WINDOWS\SYSTEM32\kernel.appcore.dll
0x00007fff99420000 - 0x00007fff9942a000 	C:\Program Files\Java\jdk-17\bin\jimage.dll
0x00007fff9cc00000 - 0x00007fff9cde4000 	C:\WINDOWS\SYSTEM32\DBGHELP.DLL
0x00007fff8a8f0000 - 0x00007fff8a924000 	C:\WINDOWS\SYSTEM32\dbgcore.DLL
0x00007fff9fd10000 - 0x00007fff9fd92000 	C:\WINDOWS\System32\bcryptPrimitives.dll
0x00007fff83eb0000 - 0x00007fff83ed5000 	C:\Program Files\Java\jdk-17\bin\java.dll

dbghelp: loaded successfully - version: 4.0.5 - missing functions: none
symbol engine: initialized successfully - sym options: 0x614 - pdb path: .;C:\Program Files\Java\jdk-17\bin;C:\WINDOWS\SYSTEM32;C:\WINDOWS\WinSxS\amd64_microsoft.windows.common-controls_6595b64144ccf1df_6.0.19041.1110_none_60b5254171f9507e;C:\Program Files\Java\jdk-17\bin\server

VM Arguments:
java_command: <unknown>
java_class_path (initial): <not set>
Launcher Type: SUN_STANDARD

[Global flags]
     intx CICompilerCount                          = 4                                         {product} {ergonomic}
     uint ConcGCThreads                            = 2                                         {product} {ergonomic}
     uint G1ConcRefinementThreads                  = 8                                         {product} {ergonomic}
   size_t G1HeapRegionSize                         = 2097152                                   {product} {ergonomic}
    uintx GCDrainStackTargetSize                   = 64                                        {product} {ergonomic}
   size_t InitialHeapSize                          = 184549376                                 {product} {ergonomic}
   size_t MarkStackSize                            = 4194304                                   {product} {ergonomic}
   size_t MaxHeapSize                              = 2940207104                                {product} {ergonomic}
   size_t MinHeapDeltaBytes                        = 2097152                                   {product} {ergonomic}
   size_t MinHeapSize                              = 8388608                                   {product} {ergonomic}
    uintx NonNMethodCodeHeapSize                   = 5839372                                {pd product} {ergonomic}
    uintx NonProfiledCodeHeapSize                  = 122909434                              {pd product} {ergonomic}
    uintx ProfiledCodeHeapSize                     = 122909434                              {pd product} {ergonomic}
    uintx ReservedCodeCacheSize                    = 251658240                              {pd product} {ergonomic}
     bool SegmentedCodeCache                       = true                                      {product} {ergonomic}
   size_t SoftMaxHeapSize                          = 2940207104                             {manageable} {ergonomic}
     bool UseCompressedClassPointers               = true                           {product lp64_product} {ergonomic}
     bool UseCompressedOops                        = true                           {product lp64_product} {ergonomic}
     bool UseG1GC                                  = true                                      {product} {ergonomic}
     bool UseLargePagesIndividualAllocation        = false                                  {pd product} {ergonomic}

Logging:
Log output configuration:
 #0: stdout all=warning uptime,level,tags
 #1: stderr all=off uptime,level,tags

Environment Variables:
PATH=D:\ReactNative\App\node_modules\.bin;D:\ReactNative\App\node_modules\.bin;D:\ReactNative\node_modules\.bin;D:\node_modules\.bin;C:\Program Files\nodejs\node_modules\npm\node_modules\@npmcli\run-script\lib\node-gyp-bin;D:\ReactNative\App\node_modules\.bin;D:\ReactNative\node_modules\.bin;D:\node_modules\.bin;C:\Program Files\nodejs\node_modules\npm\node_modules\@npmcli\run-script\lib\node-gyp-bin;C:\Program Files\Common Files\Oracle\Java\javapath;C:\WINDOWS\system32;C:\WINDOWS;C:\WINDOWS\System32\Wbem;C:\WINDOWS\System32\WindowsPowerShell\v1.0\;C:\WINDOWS\System32\OpenSSH\;C:\Program Files\nodejs\;C:\Program Files\Git\cmd;C:\Users\tongh\AppData\Local\Microsoft\WindowsApps;C:\Users\tongh\AppData\Local\Programs\Microsoft VS Code\bin;C:\Users\tongh\AppData\Roaming\npm;C:\Users\tongh\AppData\Local\GitHubDesktop\bin
USERNAME=tongh
LANG=en_US.UTF-8
OS=Windows_NT
PROCESSOR_IDENTIFIER=AMD64 Family 23 Model 17 Stepping 0, AuthenticAMD



---------------  S Y S T E M  ---------------

OS:
 Windows 10 , 64 bit Build 19041 (10.0.19041.2913)
OS uptime: 1 days 2:48 hours

CPU: total 8 (initial active 8) (8 cores per cpu, 2 threads per core) family 23 model 17 stepping 0 microcode 0x0, cx8, cmov, fxsr, ht, mmx, 3dnowpref, sse, sse2, sse3, ssse3, sse4a, sse4.1, sse4.2, popcnt, lzcnt, tsc, tscinvbit, avx, avx2, aes, clmul, bmi1, bmi2, adx, sha, fma, vzeroupper, clflush, clflushopt

Memory: 4k page, system-wide physical 11212M (139M free)
TotalPageFile size 28643M (AvailPageFile size 3070M)
current process WorkingSet (physical memory assigned to process): 10M, peak: 10M
current process commit charge ("private bytes"): 60M, peak: 235M

vm_info: Java HotSpot(TM) 64-Bit Server VM (17.0.8+9-LTS-211) for windows-amd64 JRE (17.0.8+9-LTS-211), built on Jun 14 2023 10:34:31 by "mach5one" with MS VC++ 17.1 (VS2022)

END.
